{
  "RSpec": {
    "coverage": {
      "/Users/mbburch/turing/4-module/projects/ideabox/app/helpers/application_helper.rb": [
        1,
        null
      ],
      "/Users/mbburch/turing/4-module/projects/ideabox/app/models/idea.rb": [
        1,
        1,
        null,
        1,
        1,
        null,
        1,
        null,
        1,
        41,
        null,
        null
      ],
      "/Users/mbburch/turing/4-module/projects/ideabox/app/controllers/public_controller.rb": [
        1,
        null
      ],
      "/Users/mbburch/turing/4-module/projects/ideabox/app/controllers/application_controller.rb": [
        1,
        1,
        null
      ],
      "/Users/mbburch/turing/4-module/projects/ideabox/app/controllers/api/v1/ideas_controller.rb": [
        1,
        1,
        null,
        1,
        8,
        null,
        null,
        1,
        4,
        null,
        null,
        1,
        1,
        null,
        null,
        1,
        2,
        null,
        null,
        1,
        null,
        1,
        5,
        null,
        null
      ]
    },
    "timestamp": 1449159169
  }
}
