{
  "RSpec": {
    "coverage": {
      "/Users/mbburch/turing/4-module/projects/ideabox/app/helpers/application_helper.rb": [
        1,
        null
      ],
      "/Users/mbburch/turing/4-module/projects/ideabox/app/models/idea.rb": [
        1,
        1,
        null,
        1,
        1,
        null,
        1,
        null,
        1,
        30,
        null,
        null
      ],
      "/Users/mbburch/turing/4-module/projects/ideabox/app/controllers/public_controller.rb": [
        1,
        null
      ],
      "/Users/mbburch/turing/4-module/projects/ideabox/app/controllers/application_controller.rb": [
        1,
        1,
        null
      ],
      "/Users/mbburch/turing/4-module/projects/ideabox/app/controllers/api/v1/ideas_controller.rb": [
        1,
        1,
        null,
        1,
        7,
        null,
        null,
        1,
        3,
        null,
        null,
        1,
        0,
        null,
        null,
        1,
        1,
        null,
        null,
        1,
        null,
        1,
        3,
        null,
        null
      ]
    },
    "timestamp": 1449114580
  }
}
